[2021-09-10 07:12:53,794] - [root] - [ERROR] - Username should be string. (AtCoder_Crawler.py:11)
[2021-09-10 07:13:08,872] - [root] - [INFO] - #Username: Koios1143 #ProblemID: dp_a. (AtCoder_Crawler.py:17)
[2021-09-10 07:13:08,872] - [root] - [INFO] - Fetching Submissions ... (AtCoder_Crawler.py:22)
[2021-09-10 07:13:09,299] - [root] - [INFO] - Successfully Get Submission list. (AtCoder_Crawler.py:27)
[2021-09-10 07:13:29,354] - [root] - [INFO] - #Username: Koios1143 #ProblemID: dp_a. (AtCoder_Crawler.py:17)
[2021-09-10 07:13:29,354] - [root] - [INFO] - Fetching Submissions ... (AtCoder_Crawler.py:22)
[2021-09-10 07:13:29,552] - [root] - [INFO] - Successfully Get Submission list. (AtCoder_Crawler.py:27)
[2021-09-10 07:13:29,555] - [root] - [INFO] - Successfully Get Status #AtCoderdp_a #Koios1143 #AC (AtCoder_Crawler.py:50)
[2021-09-10 07:13:46,728] - [root] - [INFO] - #Username: Koios1143 #ProblemID: dp_c. (AtCoder_Crawler.py:17)
[2021-09-10 07:13:46,728] - [root] - [INFO] - Fetching Submissions ... (AtCoder_Crawler.py:22)
[2021-09-10 07:13:46,936] - [root] - [INFO] - Successfully Get Submission list. (AtCoder_Crawler.py:27)
[2021-09-10 07:13:46,937] - [root] - [INFO] - Successfully Get Status #AtCoderdp_c #Koios1143 #AC (AtCoder_Crawler.py:50)
[2021-09-10 08:16:59,497] - [root] - [INFO] - Successfully Get Submissions. (Codeforces_Crawler.py:33)
[2021-09-10 08:17:10,385] - [root] - [INFO] - Successfully Get Submissions. (Codeforces_Crawler.py:33)
[2021-09-10 08:22:24,678] - [root] - [INFO] - Successfully Get Submissions. (Codeforces_Crawler.py:33)
[2021-09-11 00:48:17,296] - [root] - [INFO] - Successfully Get Submissions. (Codeforces_Crawler.py:33)
[2021-09-11 00:52:42,289] - [root] - [INFO] - Successfully Get Submissions. (Codeforces_Crawler.py:35)
[2021-09-11 00:54:57,529] - [root] - [INFO] - Successfully Get Submissions. (Codeforces_Crawler.py:35)
[2021-09-11 00:55:23,484] - [root] - [INFO] - Successfully Get Submissions. (Codeforces_Crawler.py:36)
[2021-09-11 00:56:55,944] - [root] - [INFO] - Successfully Get Submissions. (Codeforces_Crawler.py:36)
[2021-09-11 00:59:49,716] - [root] - [INFO] - Successfully Get Submissions. (Codeforces_Crawler.py:36)
[2021-09-11 01:00:33,555] - [root] - [INFO] - Successfully Get Submissions. (Codeforces_Crawler.py:36)
[2021-09-11 01:01:07,384] - [root] - [INFO] - Successfully Get Submissions. (Codeforces_Crawler.py:36)
[2021-09-11 01:01:30,163] - [root] - [INFO] - Successfully Get Submissions. (Codeforces_Crawler.py:33)
[2021-09-11 01:07:23,722] - [root] - [INFO] - Successfully Get Submissions. (Codeforces_Crawler.py:33)
[2021-09-11 01:07:23,724] - [root] - [INFO] - Successfully Get Status. #Codeforces231C #Koios1143 #AC. (Codeforces_Crawler.py:68)
